Release 14.7 - xst P.20131013 (nt64)
Copyright (c) 1995-2013 Xilinx, Inc.  All rights reserved.
--> Parameter TMPDIR set to xst/projnav.tmp


Total REAL time to Xst completion: 2.00 secs
Total CPU time to Xst completion: 1.92 secs
 
--> Parameter xsthdpdir set to xst


Total REAL time to Xst completion: 2.00 secs
Total CPU time to Xst completion: 1.93 secs
 
--> Reading design: alu.prj

TABLE OF CONTENTS
  1) Synthesis Options Summary
  2) HDL Parsing
  3) HDL Elaboration
  4) HDL Synthesis
       4.1) HDL Synthesis Report
  5) Advanced HDL Synthesis
       5.1) Advanced HDL Synthesis Report
  6) Low Level Synthesis
  7) Partition Report
  8) Design Summary
       8.1) Primitive and Black Box Usage
       8.2) Device utilization summary
       8.3) Partition Resource Summary
       8.4) Timing Report
            8.4.1) Clock Information
            8.4.2) Asynchronous Control Signals Information
            8.4.3) Timing Summary
            8.4.4) Timing Details
            8.4.5) Cross Clock Domains Report


=========================================================================
*                      Synthesis Options Summary                        *
=========================================================================
---- Source Parameters
Input File Name                    : "alu.prj"
Ignore Synthesis Constraint File   : NO

---- Target Parameters
Output File Name                   : "alu"
Output Format                      : NGC
Target Device                      : xc7v2000t-2-fhg1761

---- Source Options
Top Module Name                    : alu
Automatic FSM Extraction           : YES
FSM Encoding Algorithm             : Auto
Safe Implementation                : No
FSM Style                          : LUT
RAM Extraction                     : Yes
RAM Style                          : Auto
ROM Extraction                     : Yes
Shift Register Extraction          : YES
ROM Style                          : Auto
Resource Sharing                   : YES
Asynchronous To Synchronous        : NO
Shift Register Minimum Size        : 2
Use DSP Block                      : Auto
Automatic Register Balancing       : No

---- Target Options
LUT Combining                      : Auto
Reduce Control Sets                : Auto
Add IO Buffers                     : YES
Global Maximum Fanout              : 100000
Add Generic Clock Buffer(BUFG)     : 32
Register Duplication               : YES
Optimize Instantiated Primitives   : NO
Use Clock Enable                   : Auto
Use Synchronous Set                : Auto
Use Synchronous Reset              : Auto
Pack IO Registers into IOBs        : Auto
Equivalent register Removal        : YES

---- General Options
Optimization Goal                  : Speed
Optimization Effort                : 1
Power Reduction                    : NO
Keep Hierarchy                     : No
Netlist Hierarchy                  : As_Optimized
RTL Output                         : Yes
Global Optimization                : AllClockNets
Read Cores                         : YES
Write Timing Constraints           : NO
Cross Clock Analysis               : NO
Hierarchy Separator                : /
Bus Delimiter                      : <>
Case Specifier                     : Maintain
Slice Utilization Ratio            : 100
BRAM Utilization Ratio             : 100
DSP48 Utilization Ratio            : 100
Auto BRAM Packing                  : NO
Slice Utilization Ratio Delta      : 5

=========================================================================


=========================================================================
*                          HDL Parsing                                  *
=========================================================================
Parsing VHDL file "D:\full_mano_CPU\alu.vhd" into library work
Parsing entity <alu>.
Parsing architecture <Behavioral> of entity <alu>.

=========================================================================
*                            HDL Elaboration                            *
=========================================================================

Elaborating entity <alu> (architecture <Behavioral>) from library <work>.

=========================================================================
*                           HDL Synthesis                               *
=========================================================================

Synthesizing Unit <alu>.
    Related source file is "D:\full_mano_CPU\alu.vhd".
    Found 9-bit adder for signal <n0027> created at line 26.
    Found 9-bit adder for signal <n0029> created at line 27.
    Found 8-bit subtractor for signal <subtemp> created at line 20.
    Found 8-bit 7-to-1 multiplexer for signal <output_temp> created at line 29.
    Summary:
	inferred   3 Adder/Subtractor(s).
	inferred   6 Multiplexer(s).
Unit <alu> synthesized.

=========================================================================
HDL Synthesis Report

Macro Statistics
# Adders/Subtractors                                   : 3
 8-bit subtractor                                      : 1
 9-bit adder                                           : 2
# Multiplexers                                         : 6
 1-bit 2-to-1 multiplexer                              : 5
 8-bit 7-to-1 multiplexer                              : 1
# Xors                                                 : 1
 8-bit xor2                                            : 1

=========================================================================

=========================================================================
*                       Advanced HDL Synthesis                          *
=========================================================================


=========================================================================
Advanced HDL Synthesis Report

Macro Statistics
# Adders/Subtractors                                   : 3
 8-bit subtractor                                      : 1
 9-bit adder                                           : 2
# Multiplexers                                         : 6
 1-bit 2-to-1 multiplexer                              : 5
 8-bit 7-to-1 multiplexer                              : 1
# Xors                                                 : 1
 8-bit xor2                                            : 1

=========================================================================

=========================================================================
*                         Low Level Synthesis                           *
=========================================================================

Optimizing unit <alu> ...

Mapping all equations...
Building and optimizing final netlist ...
Found area constraint ratio of 100 (+ 5) on block alu, actual ratio is 0.

Final Macro Processing ...

=========================================================================
Final Register Report

Found no macro
=========================================================================

=========================================================================
*                           Partition Report                            *
=========================================================================

Partition Implementation Status
-------------------------------

  No Partitions were found in this design.

-------------------------------

=========================================================================
*                            Design Summary                             *
=========================================================================

Top Level Output File Name         : alu.ngc

Primitive and Black Box Usage:
------------------------------
# BELS                             : 79
#      GND                         : 1
#      LUT2                        : 17
#      LUT3                        : 6
#      LUT4                        : 1
#      LUT5                        : 2
#      LUT6                        : 18
#      MUXCY                       : 15
#      MUXF7                       : 2
#      VCC                         : 1
#      XORCY                       : 16
# IO Buffers                       : 29
#      IBUF                        : 19
#      OBUF                        : 10

Device utilization summary:
---------------------------

Selected Device : 7v2000tfhg1761-2 


Slice Logic Utilization: 
 Number of Slice LUTs:                   44  out of  1221600     0%  
    Number used as Logic:                44  out of  1221600     0%  

Slice Logic Distribution: 
 Number of LUT Flip Flop pairs used:     44
   Number with an unused Flip Flop:      44  out of     44   100%  
   Number with an unused LUT:             0  out of     44     0%  
   Number of fully used LUT-FF pairs:     0  out of     44     0%  
   Number of unique control sets:         0

IO Utilization: 
 Number of IOs:                          29
 Number of bonded IOBs:                  29  out of    850     3%  

Specific Feature Utilization:

---------------------------
Partition Resource Summary:
---------------------------

  No Partitions were found in this design.

---------------------------


=========================================================================
Timing Report

NOTE: THESE TIMING NUMBERS ARE ONLY A SYNTHESIS ESTIMATE.
      FOR ACCURATE TIMING INFORMATION PLEASE REFER TO THE TRACE REPORT
      GENERATED AFTER PLACE-and-ROUTE.

Clock Information:
------------------
No clock signals found in this design

Asynchronous Control Signals Information:
----------------------------------------
No asynchronous control signals found in this design

Timing Summary:
---------------
Speed Grade: -2

   Minimum period: No path found
   Minimum input arrival time before clock: No path found
   Maximum output required time after clock: No path found
   Maximum combinational path delay: 2.941ns

Timing Details:
---------------
All values displayed in nanoseconds (ns)

=========================================================================
Timing constraint: Default path analysis
  Total number of paths / destination ports: 678 / 10
-------------------------------------------------------------------------
Delay:               2.941ns (Levels of Logic = 13)
  Source:            a<0> (PAD)
  Destination:       zero (PAD)

  Data Path: a<0> to zero
                                Gate     Net
    Cell:in->out      fanout   Delay   Delay  Logical Name (Net Name)
    ----------------------------------------  ------------
     IBUF:I->O             8   0.000   0.444  a_0_IBUF (Madd_n0029_cy<0>)
     LUT2:I0->O            1   0.043   0.000  Msub_subtemp_lut<0> (Msub_subtemp_lut<0>)
     MUXCY:S->O            1   0.238   0.000  Msub_subtemp_cy<0> (Msub_subtemp_cy<0>)
     MUXCY:CI->O           1   0.013   0.000  Msub_subtemp_cy<1> (Msub_subtemp_cy<1>)
     MUXCY:CI->O           1   0.013   0.000  Msub_subtemp_cy<2> (Msub_subtemp_cy<2>)
     MUXCY:CI->O           1   0.013   0.000  Msub_subtemp_cy<3> (Msub_subtemp_cy<3>)
     MUXCY:CI->O           1   0.013   0.000  Msub_subtemp_cy<4> (Msub_subtemp_cy<4>)
     MUXCY:CI->O           1   0.013   0.000  Msub_subtemp_cy<5> (Msub_subtemp_cy<5>)
     XORCY:CI->O           1   0.262   0.405  Msub_subtemp_xor<6> (subtemp<6>)
     LUT6:I4->O            1   0.043   0.405  Mmux_output_temp73 (Mmux_output_temp72)
     LUT3:I1->O            2   0.043   0.608  Mmux_output_temp74 (output_6_OBUF)
     LUT6:I1->O            1   0.043   0.339  zero (zero_OBUF)
     OBUF:I->O                 0.000          zero_OBUF (zero)
    ----------------------------------------
    Total                      2.941ns (0.740ns logic, 2.202ns route)
                                       (25.1% logic, 74.9% route)

=========================================================================

Cross Clock Domains Report:
--------------------------

=========================================================================


Total REAL time to Xst completion: 25.00 secs
Total CPU time to Xst completion: 24.53 secs
 
--> 

Total memory usage is 4654864 kilobytes

Number of errors   :    0 (   0 filtered)
Number of warnings :    0 (   0 filtered)
Number of infos    :    0 (   0 filtered)

